<?xml version="1.0" encoding="UTF-8"?>
<!-- Generated by org.testng.reporters.JUnitReportReporter -->
<testsuite hostname="DESKTOP-5K4HR8N" name="tests.FirstOrderNewUser" tests="4" failures="0" timestamp="19 Nov 2020 23:56:09 GMT" time="28.866" errors="0">
  <testcase name="UserCanSearchRest" time="8.279" classname="tests.FirstOrderNewUser"/>
  <testcase name="USerCanNormalLogin" time="4.428" classname="tests.FirstOrderNewUser"/>
  <testcase name="UserCanCheckout" time="1.095" classname="tests.FirstOrderNewUser"/>
  <testcase name="UserChooseItemAddToCart" time="15.064" classname="tests.FirstOrderNewUser"/>
</testsuite> <!-- tests.FirstOrderNewUser -->
