<?xml version="1.0" encoding="UTF-8"?>
<!-- Generated by org.testng.reporters.JUnitReportReporter -->
<testsuite hostname="DESKTOP-5K4HR8N" name="tests.FirstOrderNewUser" tests="4" failures="0" timestamp="19 Nov 2020 22:17:54 GMT" time="30.225" errors="0">
  <testcase name="UserCanSearchRest" time="9.344" classname="tests.FirstOrderNewUser"/>
  <testcase name="USerCanNormalLogin" time="3.528" classname="tests.FirstOrderNewUser"/>
  <testcase name="UserChooseItemAddToCart" time="15.719" classname="tests.FirstOrderNewUser"/>
  <testcase name="UserCanCheckout" time="1.634" classname="tests.FirstOrderNewUser"/>
</testsuite> <!-- tests.FirstOrderNewUser -->
